Build started 4/14/2017 1:47:13 AM.
     1>Project "E:\CCE Sophomore\Programming tech\CMP103-Project-S2017 - std\Project Framework\PT-Project.vcxproj" on node 2 (Build target(s)).
     1>ClCompile:
         C:\Program Files (x86)\Microsoft Visual Studio 11.0\VC\bin\CL.exe /c /ZI /nologo /W3 /WX- /Od /Oy- /D WIN32 /D _DEBUG /D _CONSOLE /D _VC80_UPGRADE=0x0600 /D _MBCS /Gm /EHsc /RTC1 /MTd /GS /fp:precise /Zc:wchar_t /Zc:forScope /Fo".\Debug/" /Fd".\Debug/vc110.pdb" /FR".\Debug\\" /Gd /TP /analyze- /errorReport:prompt CMUgraphicsLib\auxil.cpp CMUgraphicsLib\CMUgraphics.cpp CMUgraphicsLib\image.cpp CMUgraphicsLib\keyqueue.cpp CMUgraphicsLib\mousequeue.cpp CMUgraphicsLib\windowinput.cpp Figures\CFigure.cpp Figures\CRectangle.cpp Actions\AddRectAction.cpp GUI\Input.cpp GUI\Output.cpp ApplicationManager.cpp main.cpp
         main.cpp
         ApplicationManager.cpp
         Output.cpp
     1>e:\cce sophomore\programming tech\cmp103-project-s2017 - std\project framework\gui\output.cpp(7): error C2065: 'MODE_DRAW' : undeclared identifier
     1>e:\cce sophomore\programming tech\cmp103-project-s2017 - std\project framework\gui\output.cpp(74): error C2065: 'MODE_DRAW' : undeclared identifier
         Input.cpp
     1>e:\cce sophomore\programming tech\cmp103-project-s2017 - std\project framework\gui\input.cpp(40): error C2065: 'MODE_DRAW' : undeclared identifier
         AddRectAction.cpp
         CRectangle.cpp
         CFigure.cpp
         windowinput.cpp
         mousequeue.cpp
         keyqueue.cpp
         image.cpp
     1>e:\cce sophomore\programming tech\cmp103-project-s2017 - std\project framework\cmugraphicslib\image.cpp(115): warning C4018: '<' : signed/unsigned mismatch
         CMUgraphics.cpp
     1>e:\cce sophomore\programming tech\cmp103-project-s2017 - std\project framework\cmugraphicslib\cmugraphics.cpp(257): warning C4101: 'iY' : unreferenced local variable
     1>e:\cce sophomore\programming tech\cmp103-project-s2017 - std\project framework\cmugraphicslib\cmugraphics.cpp(257): warning C4101: 'iX' : unreferenced local variable
     1>e:\cce sophomore\programming tech\cmp103-project-s2017 - std\project framework\cmugraphicslib\cmugraphics.cpp(751): warning C4996: 'strcpy': This function or variable may be unsafe. Consider using strcpy_s instead. To disable deprecation, use _CRT_SECURE_NO_WARNINGS. See online help for details.
                 c:\program files (x86)\microsoft visual studio 11.0\vc\include\string.h(110) : see declaration of 'strcpy'
     1>e:\cce sophomore\programming tech\cmp103-project-s2017 - std\project framework\cmugraphicslib\cmugraphics.cpp(1164): warning C4996: 'sprintf': This function or variable may be unsafe. Consider using sprintf_s instead. To disable deprecation, use _CRT_SECURE_NO_WARNINGS. See online help for details.
                 c:\program files (x86)\microsoft visual studio 11.0\vc\include\stdio.h(357) : see declaration of 'sprintf'
     1>e:\cce sophomore\programming tech\cmp103-project-s2017 - std\project framework\cmugraphicslib\cmugraphics.cpp(1171): warning C4996: 'sprintf': This function or variable may be unsafe. Consider using sprintf_s instead. To disable deprecation, use _CRT_SECURE_NO_WARNINGS. See online help for details.
                 c:\program files (x86)\microsoft visual studio 11.0\vc\include\stdio.h(357) : see declaration of 'sprintf'
     1>e:\cce sophomore\programming tech\cmp103-project-s2017 - std\project framework\cmugraphicslib\cmugraphics.cpp(1202): warning C4996: 'sprintf': This function or variable may be unsafe. Consider using sprintf_s instead. To disable deprecation, use _CRT_SECURE_NO_WARNINGS. See online help for details.
                 c:\program files (x86)\microsoft visual studio 11.0\vc\include\stdio.h(357) : see declaration of 'sprintf'
     1>e:\cce sophomore\programming tech\cmp103-project-s2017 - std\project framework\cmugraphicslib\cmugraphics.cpp(1210): warning C4996: 'sprintf': This function or variable may be unsafe. Consider using sprintf_s instead. To disable deprecation, use _CRT_SECURE_NO_WARNINGS. See online help for details.
                 c:\program files (x86)\microsoft visual studio 11.0\vc\include\stdio.h(357) : see declaration of 'sprintf'
     1>e:\cce sophomore\programming tech\cmp103-project-s2017 - std\project framework\cmugraphicslib\cmugraphics.cpp(1357): warning C4018: '>' : signed/unsigned mismatch
         auxil.cpp
         Generating Code...
     1>Done Building Project "E:\CCE Sophomore\Programming tech\CMP103-Project-S2017 - std\Project Framework\PT-Project.vcxproj" (Build target(s)) -- FAILED.

Build FAILED.

Time Elapsed 00:00:11.62
